<?xml version="1.0" encoding="UTF-8" ?>

<testsuite failures="0" time="2.375" errors="0" skipped="0" tests="6" name="BasicTest">
  <testcase classname="BasicTest" name="createAndRetrieveUser" time="0.703">
      </testcase>
  <testcase classname="BasicTest" name="tryConnectAsUser" time="0.063">
      </testcase>
  <testcase classname="BasicTest" name="createPost" time="0.187">
      </testcase>
  <testcase classname="BasicTest" name="postComments" time="0.047">
      </testcase>
  <testcase classname="BasicTest" name="useTheCommentsRelation" time="0.282">
      </testcase>
  <testcase classname="BasicTest" name="fullTest" time="1.093">
      </testcase>
</testsuite>
